Using pre-set license
Built from '2020.3/staging' branch; Version is '2020.3.4f1 (0abb6314276a) revision 703331'; Using compiler version '192528614'; Build Type 'Release'
OS: 'Windows 10 Pro; OS build 19042.928; Version 2009; 64bit' Language: 'tr' Physical Memory: 16315 MB
BatchMode: 1, IsHumanControllingUs: 0, StartBugReporterOnCrash: 0, Is64bit: 1, IsPro: 0

 COMMAND LINE ARGUMENTS:
C:\Program Files\Unity\Hub\Editor\2020.3.4f1\Editor\Unity.exe
-adb2
-batchMode
-noUpm
-name
AssetImportWorker0
-projectPath
E:/UnityProjects/midtermProject/MidtermProject
-logFile
Logs/AssetImportWorker0.log
-srvPort
63645
Successfully changed project path to: E:/UnityProjects/midtermProject/MidtermProject
E:/UnityProjects/midtermProject/MidtermProject
Using Asset Import Pipeline V2.
Refreshing native plugins compatible for Editor in 63.33 ms, found 1 plugins.
Preloading 0 native plugins for Editor in 0.00 ms.
Initialize engine version: 2020.3.4f1 (0abb6314276a)
[Subsystems] Discovering subsystems at path C:/Program Files/Unity/Hub/Editor/2020.3.4f1/Editor/Data/Resources/UnitySubsystems
[Subsystems] Discovering subsystems at path E:/UnityProjects/midtermProject/MidtermProject/Assets
GfxDevice: creating device client; threaded=0
Direct3D:
    Version:  Direct3D 11.0 [level 11.1]
    Renderer: AMD Radeon RX 5700 XT (ID=0x731f)
    Vendor:   
    VRAM:     8151 MB
    Driver:   27.20.21002.112
Initialize mono
Mono path[0] = 'C:/Program Files/Unity/Hub/Editor/2020.3.4f1/Editor/Data/Managed'
Mono path[1] = 'C:/Program Files/Unity/Hub/Editor/2020.3.4f1/Editor/Data/MonoBleedingEdge/lib/mono/unityjit'
Mono config path = 'C:/Program Files/Unity/Hub/Editor/2020.3.4f1/Editor/Data/MonoBleedingEdge/etc'
Using monoOptions --debugger-agent=transport=dt_socket,embedding=1,server=y,suspend=n,address=127.0.0.1:56228
Begin MonoManager ReloadAssembly
Registering precompiled unity dll's ...
Register platform support module: C:/Program Files/Unity/Hub/Editor/2020.3.4f1/Editor/Data/PlaybackEngines/WebGLSupport/UnityEditor.WebGL.Extensions.dll
Register platform support module: C:/Program Files/Unity/Hub/Editor/2020.3.4f1/Editor/Data/PlaybackEngines/WindowsStandaloneSupport/UnityEditor.WindowsStandalone.Extensions.dll
Registered in 0.003732 seconds.
Native extension for WindowsStandalone target not found
Native extension for WebGL target not found
Refreshing native plugins compatible for Editor in 66.79 ms, found 1 plugins.
Preloading 0 native plugins for Editor in 0.00 ms.
Mono: successfully reloaded assembly
- Completed reload, in  2.873 seconds
Platform modules already initialized, skipping
Registering precompiled user dll's ...
Registered in 0.001117 seconds.
Begin MonoManager ReloadAssembly
Native extension for WindowsStandalone target not found
Native extension for WebGL target not found
Refreshing native plugins compatible for Editor in 65.50 ms, found 1 plugins.
Preloading 0 native plugins for Editor in 0.00 ms.
Mono: successfully reloaded assembly
- Completed reload, in  1.418 seconds
Platform modules already initialized, skipping
========================================================================
Worker process is ready to serve import requests
Launched and connected shader compiler UnityShaderCompiler.exe after 0.05 seconds
Refreshing native plugins compatible for Editor in 0.78 ms, found 1 plugins.
Preloading 0 native plugins for Editor in 0.00 ms.
Unloading 1836 Unused Serialized files (Serialized files now loaded: 0)
System memory in use before: 87.8 MB.
System memory in use after: 87.8 MB.

Unloading 24 unused Assets to reduce memory usage. Loaded Objects now: 2280.
Total: 3.807900 ms (FindLiveObjects: 0.379100 ms CreateObjectMapping: 0.083400 ms MarkObjects: 3.132700 ms  DeleteObjects: 0.210900 ms)

========================================================================
Received Import Request.
  path: Assets/Scenes/Level1.unity
  artifactKey: Guid(2cda990e2423bbf4892e6590ba056729) Importer(815301076,1909f56bfc062723c751e8b465ee728b)
Start importing Assets/Scenes/Level1.unity using Guid(2cda990e2423bbf4892e6590ba056729) Importer(815301076,1909f56bfc062723c751e8b465ee728b)  -> (artifact id: 'b316ccba3ffc7327828c3718bf767767') in 0.042065 seconds
  Import took 0.052222 seconds .

========================================================================
Received Prepare
Registering precompiled user dll's ...
Registered in 0.001297 seconds.
Begin MonoManager ReloadAssembly
Native extension for WindowsStandalone target not found
Native extension for WebGL target not found
Refreshing native plugins compatible for Editor in 0.45 ms, found 1 plugins.
Preloading 0 native plugins for Editor in 0.00 ms.
Mono: successfully reloaded assembly
- Completed reload, in  1.363 seconds
Platform modules already initialized, skipping
Refreshing native plugins compatible for Editor in 0.51 ms, found 1 plugins.
Preloading 0 native plugins for Editor in 0.00 ms.
Unloading 1818 Unused Serialized files (Serialized files now loaded: 0)
System memory in use before: 86.5 MB.
System memory in use after: 86.5 MB.

Unloading 12 unused Assets to reduce memory usage. Loaded Objects now: 2284.
Total: 3.641900 ms (FindLiveObjects: 0.304300 ms CreateObjectMapping: 0.070600 ms MarkObjects: 3.086600 ms  DeleteObjects: 0.178800 ms)

========================================================================
Received Prepare
Registering precompiled user dll's ...
Registered in 0.001226 seconds.
Begin MonoManager ReloadAssembly
Native extension for WindowsStandalone target not found
Native extension for WebGL target not found
Refreshing native plugins compatible for Editor in 0.55 ms, found 1 plugins.
Preloading 0 native plugins for Editor in 0.00 ms.
Mono: successfully reloaded assembly
- Completed reload, in  1.332 seconds
Platform modules already initialized, skipping
Refreshing native plugins compatible for Editor in 0.51 ms, found 1 plugins.
Preloading 0 native plugins for Editor in 0.00 ms.
Unloading 1818 Unused Serialized files (Serialized files now loaded: 0)
System memory in use before: 86.6 MB.
System memory in use after: 86.5 MB.

Unloading 12 unused Assets to reduce memory usage. Loaded Objects now: 2288.
Total: 2.634700 ms (FindLiveObjects: 0.238400 ms CreateObjectMapping: 0.082500 ms MarkObjects: 2.185500 ms  DeleteObjects: 0.127100 ms)

========================================================================
Received Import Request.
  Time since last request: 368.405729 seconds.
  path: Assets/zz_spaceshooter/PNG/UI/heart1.png
  artifactKey: Guid(bd1d8ff90a156bb44b2eaaf3c48b9d33) Importer(815301076,1909f56bfc062723c751e8b465ee728b)
Start importing Assets/zz_spaceshooter/PNG/UI/heart1.png using Guid(bd1d8ff90a156bb44b2eaaf3c48b9d33) Importer(815301076,1909f56bfc062723c751e8b465ee728b)  -> (artifact id: '685574a25d2a83499afd878582cab2bb') in 0.170298 seconds
  Import took 0.179770 seconds .

========================================================================
Received Import Request.
  Time since last request: 4.954966 seconds.
  path: Assets/zz_spaceshooter/PNG/UI/heart0.png
  artifactKey: Guid(327a3a07f1f01a94ebf9a822c6455282) Importer(815301076,1909f56bfc062723c751e8b465ee728b)
Start importing Assets/zz_spaceshooter/PNG/UI/heart0.png using Guid(327a3a07f1f01a94ebf9a822c6455282) Importer(815301076,1909f56bfc062723c751e8b465ee728b)  -> (artifact id: '119d44217c7645b91446b953003aaf57') in 0.018804 seconds
  Import took 0.023934 seconds .

========================================================================
Received Import Request.
  Time since last request: 585.323221 seconds.
  path: Assets/Scripts/Health.cs
  artifactKey: Guid(dfa07988e721a7a4da4743e8c1978881) Importer(815301076,1909f56bfc062723c751e8b465ee728b)
Start importing Assets/Scripts/Health.cs using Guid(dfa07988e721a7a4da4743e8c1978881) Importer(815301076,1909f56bfc062723c751e8b465ee728b)  -> (artifact id: '44554f11592b952fa9505bbd02f0261c') in 0.040013 seconds
  Import took 0.048366 seconds .

========================================================================
Received Prepare
Registering precompiled user dll's ...
Registered in 0.002195 seconds.
Begin MonoManager ReloadAssembly
Native extension for WindowsStandalone target not found
Native extension for WebGL target not found
Refreshing native plugins compatible for Editor in 1.07 ms, found 1 plugins.
Preloading 0 native plugins for Editor in 0.00 ms.
Mono: successfully reloaded assembly
- Completed reload, in  1.616 seconds
Platform modules already initialized, skipping
Refreshing native plugins compatible for Editor in 0.85 ms, found 1 plugins.
Preloading 0 native plugins for Editor in 0.00 ms.
Unloading 1819 Unused Serialized files (Serialized files now loaded: 0)
System memory in use before: 89.7 MB.
System memory in use after: 89.7 MB.

Unloading 12 unused Assets to reduce memory usage. Loaded Objects now: 2299.
Total: 6.252200 ms (FindLiveObjects: 1.118500 ms CreateObjectMapping: 0.112300 ms MarkObjects: 4.830400 ms  DeleteObjects: 0.188600 ms)

========================================================================
Received Prepare
Registering precompiled user dll's ...
Registered in 0.001834 seconds.
Begin MonoManager ReloadAssembly
Native extension for WindowsStandalone target not found
Native extension for WebGL target not found
Refreshing native plugins compatible for Editor in 0.50 ms, found 1 plugins.
Preloading 0 native plugins for Editor in 0.00 ms.
Mono: successfully reloaded assembly
- Completed reload, in  1.373 seconds
Platform modules already initialized, skipping
Refreshing native plugins compatible for Editor in 0.66 ms, found 1 plugins.
Preloading 0 native plugins for Editor in 0.00 ms.
Unloading 1819 Unused Serialized files (Serialized files now loaded: 0)
System memory in use before: 89.7 MB.
System memory in use after: 89.7 MB.

Unloading 12 unused Assets to reduce memory usage. Loaded Objects now: 2303.
Total: 2.759100 ms (FindLiveObjects: 0.286000 ms CreateObjectMapping: 0.075000 ms MarkObjects: 2.239300 ms  DeleteObjects: 0.156600 ms)

========================================================================
Received Import Request.
  Time since last request: 196.455074 seconds.
  path: Assets/Scripts/Health.cs
  artifactKey: Guid(dfa07988e721a7a4da4743e8c1978881) Importer(815301076,1909f56bfc062723c751e8b465ee728b)
Start importing Assets/Scripts/Health.cs using Guid(dfa07988e721a7a4da4743e8c1978881) Importer(815301076,1909f56bfc062723c751e8b465ee728b)  -> (artifact id: 'a1dcd2dcad7a0d740150db458da17e78') in 0.012278 seconds
  Import took 0.022219 seconds .

========================================================================
Received Prepare
Registering precompiled user dll's ...
Registered in 0.001273 seconds.
Begin MonoManager ReloadAssembly
Native extension for WindowsStandalone target not found
Native extension for WebGL target not found
Refreshing native plugins compatible for Editor in 0.52 ms, found 1 plugins.
Preloading 0 native plugins for Editor in 0.00 ms.
Mono: successfully reloaded assembly
- Completed reload, in  1.231 seconds
Platform modules already initialized, skipping
Refreshing native plugins compatible for Editor in 0.51 ms, found 1 plugins.
Preloading 0 native plugins for Editor in 0.00 ms.
Unloading 1819 Unused Serialized files (Serialized files now loaded: 0)
System memory in use before: 89.7 MB.
System memory in use after: 89.7 MB.

Unloading 12 unused Assets to reduce memory usage. Loaded Objects now: 2307.
Total: 2.859200 ms (FindLiveObjects: 0.376900 ms CreateObjectMapping: 0.141200 ms MarkObjects: 2.206400 ms  DeleteObjects: 0.133200 ms)

========================================================================
Received Prepare
Registering precompiled user dll's ...
Registered in 0.001897 seconds.
Begin MonoManager ReloadAssembly
Native extension for WindowsStandalone target not found
Native extension for WebGL target not found
Refreshing native plugins compatible for Editor in 0.50 ms, found 1 plugins.
Preloading 0 native plugins for Editor in 0.00 ms.
Mono: successfully reloaded assembly
- Completed reload, in  1.295 seconds
Platform modules already initialized, skipping
Refreshing native plugins compatible for Editor in 0.52 ms, found 1 plugins.
Preloading 0 native plugins for Editor in 0.00 ms.
Unloading 1819 Unused Serialized files (Serialized files now loaded: 0)
System memory in use before: 89.7 MB.
System memory in use after: 89.7 MB.

Unloading 12 unused Assets to reduce memory usage. Loaded Objects now: 2311.
Total: 3.081400 ms (FindLiveObjects: 0.287200 ms CreateObjectMapping: 0.096300 ms MarkObjects: 2.544200 ms  DeleteObjects: 0.151000 ms)

========================================================================
Received Prepare
Registering precompiled user dll's ...
Registered in 0.001898 seconds.
Begin MonoManager ReloadAssembly
Native extension for WindowsStandalone target not found
Native extension for WebGL target not found
Refreshing native plugins compatible for Editor in 0.53 ms, found 1 plugins.
Preloading 0 native plugins for Editor in 0.00 ms.
Mono: successfully reloaded assembly
- Completed reload, in  1.332 seconds
Platform modules already initialized, skipping
Refreshing native plugins compatible for Editor in 0.55 ms, found 1 plugins.
Preloading 0 native plugins for Editor in 0.00 ms.
Unloading 1819 Unused Serialized files (Serialized files now loaded: 0)
System memory in use before: 89.7 MB.
System memory in use after: 89.7 MB.

Unloading 12 unused Assets to reduce memory usage. Loaded Objects now: 2315.
Total: 2.671700 ms (FindLiveObjects: 0.223900 ms CreateObjectMapping: 0.072900 ms MarkObjects: 2.243400 ms  DeleteObjects: 0.130100 ms)

========================================================================
Received Import Request.
  Time since last request: 251.320839 seconds.
  path: Assets/Prefabs/Player.prefab
  artifactKey: Guid(df41a2ef228fcf2488ddc53b8cc011f1) Importer(815301076,1909f56bfc062723c751e8b465ee728b)
Start importing Assets/Prefabs/Player.prefab using Guid(df41a2ef228fcf2488ddc53b8cc011f1) Importer(815301076,1909f56bfc062723c751e8b465ee728b)  -> (artifact id: 'd98ff7edb38d017a760297ea6f2447aa') in 0.109075 seconds
  Import took 0.113552 seconds .

========================================================================
Received Prepare
Registering precompiled user dll's ...
Registered in 0.001632 seconds.
Begin MonoManager ReloadAssembly
Native extension for WindowsStandalone target not found
Native extension for WebGL target not found
Refreshing native plugins compatible for Editor in 0.51 ms, found 1 plugins.
Preloading 0 native plugins for Editor in 0.00 ms.
Mono: successfully reloaded assembly
- Completed reload, in  1.385 seconds
Platform modules already initialized, skipping
Refreshing native plugins compatible for Editor in 0.51 ms, found 1 plugins.
Preloading 0 native plugins for Editor in 0.00 ms.
Unloading 1819 Unused Serialized files (Serialized files now loaded: 0)
System memory in use before: 89.8 MB.
System memory in use after: 89.8 MB.

Unloading 12 unused Assets to reduce memory usage. Loaded Objects now: 2324.
Total: 2.659100 ms (FindLiveObjects: 0.220400 ms CreateObjectMapping: 0.077200 ms MarkObjects: 2.226700 ms  DeleteObjects: 0.132900 ms)

========================================================================
Received Prepare
Registering precompiled user dll's ...
Registered in 0.001209 seconds.
Begin MonoManager ReloadAssembly
Native extension for WindowsStandalone target not found
Native extension for WebGL target not found
Refreshing native plugins compatible for Editor in 0.52 ms, found 1 plugins.
Preloading 0 native plugins for Editor in 0.00 ms.
Mono: successfully reloaded assembly
- Completed reload, in  1.329 seconds
Platform modules already initialized, skipping
Refreshing native plugins compatible for Editor in 0.51 ms, found 1 plugins.
Preloading 0 native plugins for Editor in 0.00 ms.
Unloading 1819 Unused Serialized files (Serialized files now loaded: 0)
System memory in use before: 89.8 MB.
System memory in use after: 89.8 MB.

Unloading 12 unused Assets to reduce memory usage. Loaded Objects now: 2328.
Total: 2.606900 ms (FindLiveObjects: 0.234500 ms CreateObjectMapping: 0.074000 ms MarkObjects: 2.166800 ms  DeleteObjects: 0.130100 ms)

========================================================================
Received Import Request.
  Time since last request: 172.794308 seconds.
  path: Assets/Prefabs/playerExplosion Variant.prefab
  artifactKey: Guid(180b7cf6859015648a69c9adaecb0bc4) Importer(815301076,1909f56bfc062723c751e8b465ee728b)
Start importing Assets/Prefabs/playerExplosion Variant.prefab using Guid(180b7cf6859015648a69c9adaecb0bc4) Importer(815301076,1909f56bfc062723c751e8b465ee728b)  -> (artifact id: 'fa5382beaf9b1f6e9d09a70c3f8285a9') in 0.049488 seconds
  Import took 0.059060 seconds .

========================================================================
Received Prepare
Registering precompiled user dll's ...
Registered in 0.001238 seconds.
Begin MonoManager ReloadAssembly
Native extension for WindowsStandalone target not found
Native extension for WebGL target not found
Refreshing native plugins compatible for Editor in 0.53 ms, found 1 plugins.
Preloading 0 native plugins for Editor in 0.00 ms.
Mono: successfully reloaded assembly
- Completed reload, in  1.295 seconds
Platform modules already initialized, skipping
Refreshing native plugins compatible for Editor in 0.52 ms, found 1 plugins.
Preloading 0 native plugins for Editor in 0.00 ms.
Unloading 1819 Unused Serialized files (Serialized files now loaded: 0)
System memory in use before: 89.8 MB.
System memory in use after: 89.8 MB.

Unloading 12 unused Assets to reduce memory usage. Loaded Objects now: 2332.
Total: 3.946300 ms (FindLiveObjects: 0.430700 ms CreateObjectMapping: 0.098500 ms MarkObjects: 3.218800 ms  DeleteObjects: 0.196100 ms)

========================================================================
Received Prepare
Registering precompiled user dll's ...
Registered in 0.001287 seconds.
Begin MonoManager ReloadAssembly
Native extension for WindowsStandalone target not found
Native extension for WebGL target not found
Refreshing native plugins compatible for Editor in 0.54 ms, found 1 plugins.
Preloading 0 native plugins for Editor in 0.00 ms.
Mono: successfully reloaded assembly
- Completed reload, in  1.311 seconds
Platform modules already initialized, skipping
Refreshing native plugins compatible for Editor in 0.52 ms, found 1 plugins.
Preloading 0 native plugins for Editor in 0.00 ms.
Unloading 1819 Unused Serialized files (Serialized files now loaded: 0)
System memory in use before: 89.8 MB.
System memory in use after: 89.8 MB.

Unloading 12 unused Assets to reduce memory usage. Loaded Objects now: 2336.
Total: 3.342700 ms (FindLiveObjects: 0.332800 ms CreateObjectMapping: 0.095500 ms MarkObjects: 2.779300 ms  DeleteObjects: 0.133600 ms)

========================================================================
Received Import Request.
  Time since last request: 698.943372 seconds.
  path: Assets/Prefabs/EnemyPlanet.prefab
  artifactKey: Guid(329038d71d1f07c4f98aa4389e31fda3) Importer(815301076,1909f56bfc062723c751e8b465ee728b)
Start importing Assets/Prefabs/EnemyPlanet.prefab using Guid(329038d71d1f07c4f98aa4389e31fda3) Importer(815301076,1909f56bfc062723c751e8b465ee728b)  -> (artifact id: '27536b750c01437651cc4ad0a488c25b') in 0.094549 seconds
  Import took 0.100448 seconds .

========================================================================
Received Import Request.
  Time since last request: 0.000237 seconds.
  path: Assets/Prefabs/spaceBoss2.prefab
  artifactKey: Guid(8cd176911206bbc449205c0603301f92) Importer(815301076,1909f56bfc062723c751e8b465ee728b)
Start importing Assets/Prefabs/spaceBoss2.prefab using Guid(8cd176911206bbc449205c0603301f92) Importer(815301076,1909f56bfc062723c751e8b465ee728b)  -> (artifact id: '57c9da6279479cd654edbc838cf71378') in 0.043207 seconds
  Import took 0.048563 seconds .

========================================================================
Received Import Request.
  Time since last request: 0.000296 seconds.
  path: Assets/Prefabs/Boss.prefab
  artifactKey: Guid(3c74347e3b5003940be347523f793350) Importer(815301076,1909f56bfc062723c751e8b465ee728b)
Start importing Assets/Prefabs/Boss.prefab using Guid(3c74347e3b5003940be347523f793350) Importer(815301076,1909f56bfc062723c751e8b465ee728b)  -> (artifact id: '552f38cb5f4f599309041b7a2cd8440e') in 0.027442 seconds
  Import took 0.032971 seconds .

========================================================================
Received Import Request.
  Time since last request: 0.000272 seconds.
  path: Assets/Prefabs/spaceBoss.prefab
  artifactKey: Guid(b69e4df98d5a9c9429b9294654aff73d) Importer(815301076,1909f56bfc062723c751e8b465ee728b)
Start importing Assets/Prefabs/spaceBoss.prefab using Guid(b69e4df98d5a9c9429b9294654aff73d) Importer(815301076,1909f56bfc062723c751e8b465ee728b)  -> (artifact id: '2df440a20951a72ae7e7095c2e32293a') in 0.031847 seconds
  Import took 0.043381 seconds .

========================================================================
Received Import Request.
  Time since last request: 0.000293 seconds.
  path: Assets/Prefabs/EnemySpace.prefab
  artifactKey: Guid(7398ab6812fe9444fb8ac52f0db86b32) Importer(815301076,1909f56bfc062723c751e8b465ee728b)
Start importing Assets/Prefabs/EnemySpace.prefab using Guid(7398ab6812fe9444fb8ac52f0db86b32) Importer(815301076,1909f56bfc062723c751e8b465ee728b)  -> (artifact id: '6bf8a4e3d5b1a8e28dd0a0165993dcc6') in 0.029524 seconds
  Import took 0.036771 seconds .

========================================================================
Received Import Request.
  Time since last request: 0.000354 seconds.
  path: Assets/Prefabs/planetEnemy.prefab
  artifactKey: Guid(424d80fc943a08a48abd3415a490842e) Importer(815301076,1909f56bfc062723c751e8b465ee728b)
Start importing Assets/Prefabs/planetEnemy.prefab using Guid(424d80fc943a08a48abd3415a490842e) Importer(815301076,1909f56bfc062723c751e8b465ee728b)  -> (artifact id: '0fcdbaf386291b014eaa58af161fb6be') in 0.045947 seconds
  Import took 0.051788 seconds .

========================================================================
Received Prepare
Registering precompiled user dll's ...
Registered in 0.001453 seconds.
Begin MonoManager ReloadAssembly
Native extension for WindowsStandalone target not found
Native extension for WebGL target not found
Refreshing native plugins compatible for Editor in 0.51 ms, found 1 plugins.
Preloading 0 native plugins for Editor in 0.00 ms.
Mono: successfully reloaded assembly
- Completed reload, in  1.300 seconds
Platform modules already initialized, skipping
Refreshing native plugins compatible for Editor in 0.50 ms, found 1 plugins.
Preloading 0 native plugins for Editor in 0.00 ms.
Unloading 1819 Unused Serialized files (Serialized files now loaded: 0)
System memory in use before: 89.9 MB.
System memory in use after: 89.8 MB.

Unloading 12 unused Assets to reduce memory usage. Loaded Objects now: 2341.
Total: 2.909800 ms (FindLiveObjects: 0.223800 ms CreateObjectMapping: 0.073000 ms MarkObjects: 2.474200 ms  DeleteObjects: 0.137300 ms)

========================================================================
Received Import Request.
  Time since last request: 98.385580 seconds.
  path: Assets/Prefabs/ScoreTxt.prefab
  artifactKey: Guid(907bfae3f30b1c14d92d7582810a32e8) Importer(815301076,1909f56bfc062723c751e8b465ee728b)
Start importing Assets/Prefabs/ScoreTxt.prefab using Guid(907bfae3f30b1c14d92d7582810a32e8) Importer(815301076,1909f56bfc062723c751e8b465ee728b)  -> (artifact id: 'c5a5329e52451ad0f150cd6e0553620e') in 0.048453 seconds
  Import took 0.058292 seconds .

========================================================================
Received Import Request.
  Time since last request: 5.160905 seconds.
  path: Assets/Prefabs/EnemyPlanet.prefab
  artifactKey: Guid(329038d71d1f07c4f98aa4389e31fda3) Importer(815301076,1909f56bfc062723c751e8b465ee728b)
Start importing Assets/Prefabs/EnemyPlanet.prefab using Guid(329038d71d1f07c4f98aa4389e31fda3) Importer(815301076,1909f56bfc062723c751e8b465ee728b)  -> (artifact id: 'd409413ef1135747da03e70ff260d630') in 0.056191 seconds
  Import took 0.061086 seconds .

========================================================================
Received Import Request.
  Time since last request: 33.582378 seconds.
  path: Assets/Prefabs/EnemyPlanet.prefab
  artifactKey: Guid(329038d71d1f07c4f98aa4389e31fda3) Importer(815301076,1909f56bfc062723c751e8b465ee728b)
Start importing Assets/Prefabs/EnemyPlanet.prefab using Guid(329038d71d1f07c4f98aa4389e31fda3) Importer(815301076,1909f56bfc062723c751e8b465ee728b)  -> (artifact id: '5a7f4496fe79043a8b52e59d0ac3ffdc') in 0.026706 seconds
  Import took 0.033359 seconds .

========================================================================
Received Import Request.
  Time since last request: 51.804061 seconds.
  path: Assets/Prefabs/Score.prefab
  artifactKey: Guid(f1faf3a1a9d4d5748a82c4603417b18e) Importer(815301076,1909f56bfc062723c751e8b465ee728b)
Start importing Assets/Prefabs/Score.prefab using Guid(f1faf3a1a9d4d5748a82c4603417b18e) Importer(815301076,1909f56bfc062723c751e8b465ee728b)  -> (artifact id: '9cb4b9309000cadafafe5b5d1f8b61f6') in 0.012677 seconds
  Import took 0.017009 seconds .

========================================================================
Received Import Request.
  Time since last request: 0.003036 seconds.
  path: Assets/Prefabs/Score.prefab
  artifactKey: Guid(f1faf3a1a9d4d5748a82c4603417b18e) Importer(815301076,1909f56bfc062723c751e8b465ee728b)
Start importing Assets/Prefabs/Score.prefab using Guid(f1faf3a1a9d4d5748a82c4603417b18e) Importer(815301076,1909f56bfc062723c751e8b465ee728b)  -> (artifact id: '9cb4b9309000cadafafe5b5d1f8b61f6') in 0.006012 seconds
  Import took 0.010335 seconds .

========================================================================
Received Import Request.
  Time since last request: 5.029011 seconds.
  path: Assets/Prefabs/EnemyPlanet.prefab
  artifactKey: Guid(329038d71d1f07c4f98aa4389e31fda3) Importer(815301076,1909f56bfc062723c751e8b465ee728b)
Start importing Assets/Prefabs/EnemyPlanet.prefab using Guid(329038d71d1f07c4f98aa4389e31fda3) Importer(815301076,1909f56bfc062723c751e8b465ee728b)  -> (artifact id: '2f5315f69bb3dd0d59ff010e87bc20c9') in 0.017579 seconds
  Import took 0.028604 seconds .

========================================================================
Received Prepare
Registering precompiled user dll's ...
Registered in 0.001170 seconds.
Begin MonoManager ReloadAssembly
Native extension for WindowsStandalone target not found
Native extension for WebGL target not found
Refreshing native plugins compatible for Editor in 0.52 ms, found 1 plugins.
Preloading 0 native plugins for Editor in 0.00 ms.
Mono: successfully reloaded assembly
- Completed reload, in  1.319 seconds
Platform modules already initialized, skipping
Refreshing native plugins compatible for Editor in 0.51 ms, found 1 plugins.
Preloading 0 native plugins for Editor in 0.00 ms.
Unloading 1819 Unused Serialized files (Serialized files now loaded: 0)
System memory in use before: 89.9 MB.
System memory in use after: 89.9 MB.

Unloading 12 unused Assets to reduce memory usage. Loaded Objects now: 2348.
Total: 2.903600 ms (FindLiveObjects: 0.229900 ms CreateObjectMapping: 0.075400 ms MarkObjects: 2.457400 ms  DeleteObjects: 0.139000 ms)

========================================================================
Received Prepare
Registering precompiled user dll's ...
Registered in 0.001278 seconds.
Begin MonoManager ReloadAssembly
Native extension for WindowsStandalone target not found
Native extension for WebGL target not found
Refreshing native plugins compatible for Editor in 0.52 ms, found 1 plugins.
Preloading 0 native plugins for Editor in 0.00 ms.
Mono: successfully reloaded assembly
- Completed reload, in  1.355 seconds
Platform modules already initialized, skipping
Refreshing native plugins compatible for Editor in 0.50 ms, found 1 plugins.
Preloading 0 native plugins for Editor in 0.00 ms.
Unloading 1819 Unused Serialized files (Serialized files now loaded: 0)
System memory in use before: 89.9 MB.
System memory in use after: 89.9 MB.

Unloading 12 unused Assets to reduce memory usage. Loaded Objects now: 2352.
Total: 2.675000 ms (FindLiveObjects: 0.254700 ms CreateObjectMapping: 0.075300 ms MarkObjects: 2.200200 ms  DeleteObjects: 0.143200 ms)

========================================================================
Received Prepare
Registering precompiled user dll's ...
Registered in 0.001295 seconds.
Begin MonoManager ReloadAssembly
Native extension for WindowsStandalone target not found
Native extension for WebGL target not found
Refreshing native plugins compatible for Editor in 0.52 ms, found 1 plugins.
Preloading 0 native plugins for Editor in 0.00 ms.
Mono: successfully reloaded assembly
- Completed reload, in  1.252 seconds
Platform modules already initialized, skipping
Refreshing native plugins compatible for Editor in 0.51 ms, found 1 plugins.
Preloading 0 native plugins for Editor in 0.00 ms.
Unloading 1819 Unused Serialized files (Serialized files now loaded: 0)
System memory in use before: 90.0 MB.
System memory in use after: 89.9 MB.

Unloading 12 unused Assets to reduce memory usage. Loaded Objects now: 2356.
Total: 2.890200 ms (FindLiveObjects: 0.335000 ms CreateObjectMapping: 0.091900 ms MarkObjects: 2.291500 ms  DeleteObjects: 0.170200 ms)

========================================================================
Received Prepare
Registering precompiled user dll's ...
Registered in 0.001225 seconds.
Begin MonoManager ReloadAssembly
Native extension for WindowsStandalone target not found
Native extension for WebGL target not found
Refreshing native plugins compatible for Editor in 0.61 ms, found 1 plugins.
Preloading 0 native plugins for Editor in 0.00 ms.
Mono: successfully reloaded assembly
- Completed reload, in  1.384 seconds
Platform modules already initialized, skipping
Refreshing native plugins compatible for Editor in 0.50 ms, found 1 plugins.
Preloading 0 native plugins for Editor in 0.00 ms.
Unloading 1819 Unused Serialized files (Serialized files now loaded: 0)
System memory in use before: 90.0 MB.
System memory in use after: 89.9 MB.

Unloading 12 unused Assets to reduce memory usage. Loaded Objects now: 2360.
Total: 2.788200 ms (FindLiveObjects: 0.348000 ms CreateObjectMapping: 0.104900 ms MarkObjects: 2.199300 ms  DeleteObjects: 0.134600 ms)

========================================================================
Received Import Request.
  Time since last request: 553.037320 seconds.
  path: Assets/Prefabs/EnemyPlanet.prefab
  artifactKey: Guid(329038d71d1f07c4f98aa4389e31fda3) Importer(815301076,1909f56bfc062723c751e8b465ee728b)
Start importing Assets/Prefabs/EnemyPlanet.prefab using Guid(329038d71d1f07c4f98aa4389e31fda3) Importer(815301076,1909f56bfc062723c751e8b465ee728b) UnityException: GetString is not allowed to be called from a MonoBehaviour constructor (or instance field initializer), call it in Awake or Start instead. Called from MonoBehaviour 'Enemy'.
See "Script Serialization" page in the Unity Manual for further details.
  at (wrapper managed-to-native) UnityEngine.PlayerPrefs.GetString(string,string)
  at UnityEngine.PlayerPrefs.GetString (System.String key) [0x00001] in <9baebf9af86541678fd15bfdbf5f26eb>:0 
  at Enemy..ctor () [0x00000] in E:\UnityProjects\midtermProject\MidtermProject\Assets\Scripts\Enemy.cs:12 

UnityException: GetString is not allowed to be called from a MonoBehaviour constructor (or instance field initializer), call it in Awake or Start instead. Called from MonoBehaviour 'Enemy'.
See "Script Serialization" page in the Unity Manual for further details.
  at (wrapper managed-to-native) UnityEngine.PlayerPrefs.GetString(string,string)
  at UnityEngine.PlayerPrefs.GetString (System.String key) [0x00001] in <9baebf9af86541678fd15bfdbf5f26eb>:0 
  at Enemy..ctor () [0x00000] in E:\UnityProjects\midtermProject\MidtermProject\Assets\Scripts\Enemy.cs:12 
UnityEditor.SerializedObject:GetIterator_Internal()
UnityEditor.SerializedObject:GetIterator()
UnityEditor.Editor:CreateSerializedObject()
UnityEditor.Editor:GetSerializedObjectInternal()
UnityEditor.Editor:get_serializedObject()
UnityEditor.GameObjectInspector:OnEnable()
UnityEditor.Editor:CreateEditorWithContextInternal(Object[], Object, Type)
UnityEditor.Editor:CreateEditorWithContext(Object[], Object, Type)
UnityEditor.Editor:CreateEditor(Object, Type)
UnityEditor.Editor:CreateEditor(Object)
UnityEditor.AssetPreviewUpdater:CreatePreviewForAsset(Object, Object[], String)

UnityException: GetString is not allowed to be called from a MonoBehaviour constructor (or instance field initializer), call it in Awake or Start instead. Called from MonoBehaviour 'Enemy'.
See "Script Serialization" page in the Unity Manual for further details.
  at (wrapper managed-to-native) UnityEngine.PlayerPrefs.GetString(string,string)
  at UnityEngine.PlayerPrefs.GetString (System.String key) [0x00001] in <9baebf9af86541678fd15bfdbf5f26eb>:0 
  at Enemy..ctor () [0x00000] in E:\UnityProjects\midtermProject\MidtermProject\Assets\Scripts\Enemy.cs:12 
UnityEditor.EditorUtility:Internal_InstantiateRemoveAllNonAnimationComponentsSingle_Injected(Object, Vector3&, Quaternion&)
UnityEditor.EditorUtility:Internal_InstantiateRemoveAllNonAnimationComponentsSingle(Object, Vector3, Quaternion)
UnityEditor.EditorUtility:InstantiateRemoveAllNonAnimationComponents(Object, Vector3, Quaternion)
UnityEditor.EditorUtility:InstantiateForAnimatorPreview(Object)
UnityEditor.PreviewData:UpdateGameObject(Object)
UnityEditor.PreviewData:.ctor(Object)
UnityEditor.GameObjectInspector:GetPreviewData()
UnityEditor.GameObjectInspector:RenderStaticPreview(String, Object[], Int32, Int32)
UnityEditor.AssetPreviewUpdater:CreatePreviewForAsset(Object, Object[], String)

 -> (artifact id: 'd1b1edbc62d52a2975e356cc51f2111c') in 0.133469 seconds
  Import took 0.138933 seconds .

========================================================================
Received Prepare
Registering precompiled user dll's ...
Registered in 0.001343 seconds.
Begin MonoManager ReloadAssembly
Native extension for WindowsStandalone target not found
Native extension for WebGL target not found
Refreshing native plugins compatible for Editor in 0.51 ms, found 1 plugins.
Preloading 0 native plugins for Editor in 0.00 ms.
Mono: successfully reloaded assembly
- Completed reload, in  1.291 seconds
Platform modules already initialized, skipping
Refreshing native plugins compatible for Editor in 0.50 ms, found 1 plugins.
Preloading 0 native plugins for Editor in 0.00 ms.
Unloading 1819 Unused Serialized files (Serialized files now loaded: 0)
System memory in use before: 90.1 MB.
System memory in use after: 90.1 MB.

Unloading 12 unused Assets to reduce memory usage. Loaded Objects now: 2365.
Total: 3.472100 ms (FindLiveObjects: 0.467300 ms CreateObjectMapping: 0.100800 ms MarkObjects: 2.755800 ms  DeleteObjects: 0.146500 ms)

========================================================================
Received Prepare
Registering precompiled user dll's ...
Registered in 0.001312 seconds.
Begin MonoManager ReloadAssembly
Native extension for WindowsStandalone target not found
Native extension for WebGL target not found
Refreshing native plugins compatible for Editor in 0.47 ms, found 1 plugins.
Preloading 0 native plugins for Editor in 0.00 ms.
Mono: successfully reloaded assembly
- Completed reload, in  1.381 seconds
Platform modules already initialized, skipping
Refreshing native plugins compatible for Editor in 0.51 ms, found 1 plugins.
Preloading 0 native plugins for Editor in 0.00 ms.
Unloading 1819 Unused Serialized files (Serialized files now loaded: 0)
System memory in use before: 90.1 MB.
System memory in use after: 90.1 MB.

Unloading 12 unused Assets to reduce memory usage. Loaded Objects now: 2369.
Total: 2.905700 ms (FindLiveObjects: 0.405200 ms CreateObjectMapping: 0.099800 ms MarkObjects: 2.256700 ms  DeleteObjects: 0.142400 ms)

========================================================================
Received Prepare
Registering precompiled user dll's ...
Registered in 0.001376 seconds.
Begin MonoManager ReloadAssembly
Native extension for WindowsStandalone target not found
Native extension for WebGL target not found
Refreshing native plugins compatible for Editor in 0.52 ms, found 1 plugins.
Preloading 0 native plugins for Editor in 0.00 ms.
Mono: successfully reloaded assembly
- Completed reload, in  1.496 seconds
Platform modules already initialized, skipping
Refreshing native plugins compatible for Editor in 0.50 ms, found 1 plugins.
Preloading 0 native plugins for Editor in 0.00 ms.
Unloading 1819 Unused Serialized files (Serialized files now loaded: 0)
System memory in use before: 90.1 MB.
System memory in use after: 90.1 MB.

Unloading 12 unused Assets to reduce memory usage. Loaded Objects now: 2373.
Total: 3.014900 ms (FindLiveObjects: 0.295100 ms CreateObjectMapping: 0.086700 ms MarkObjects: 2.489800 ms  DeleteObjects: 0.141700 ms)

========================================================================
Received Prepare
Registering precompiled user dll's ...
Registered in 0.001273 seconds.
Begin MonoManager ReloadAssembly
Native extension for WindowsStandalone target not found
Native extension for WebGL target not found
Refreshing native plugins compatible for Editor in 0.52 ms, found 1 plugins.
Preloading 0 native plugins for Editor in 0.00 ms.
Mono: successfully reloaded assembly
- Completed reload, in  1.273 seconds
Platform modules already initialized, skipping
Refreshing native plugins compatible for Editor in 0.51 ms, found 1 plugins.
Preloading 0 native plugins for Editor in 0.00 ms.
Unloading 1819 Unused Serialized files (Serialized files now loaded: 0)
System memory in use before: 90.1 MB.
System memory in use after: 90.1 MB.

Unloading 12 unused Assets to reduce memory usage. Loaded Objects now: 2377.
Total: 3.038100 ms (FindLiveObjects: 0.417500 ms CreateObjectMapping: 0.085900 ms MarkObjects: 2.393600 ms  DeleteObjects: 0.140000 ms)

========================================================================
Received Import Request.
  Time since last request: 1303.117458 seconds.
  path: Assets/Prefabs/movespot.prefab
  artifactKey: Guid(1b66c5fec102f9f43b7578c7cfaabc91) Importer(815301076,1909f56bfc062723c751e8b465ee728b)
Start importing Assets/Prefabs/movespot.prefab using Guid(1b66c5fec102f9f43b7578c7cfaabc91) Importer(815301076,1909f56bfc062723c751e8b465ee728b)  -> (artifact id: '457629405593bce6084680510dde3853') in 0.053240 seconds
  Import took 0.063619 seconds .

========================================================================
Received Import Request.
  Time since last request: 0.000213 seconds.
  path: Assets/Prefabs/moveSpot2.prefab
  artifactKey: Guid(7a4f671c21e963a4684c10eeaf798222) Importer(815301076,1909f56bfc062723c751e8b465ee728b)
Start importing Assets/Prefabs/moveSpot2.prefab using Guid(7a4f671c21e963a4684c10eeaf798222) Importer(815301076,1909f56bfc062723c751e8b465ee728b)  -> (artifact id: '08eea064d33cbe22a3a8a6c025481faa') in 0.014161 seconds
  Import took 0.020902 seconds .

========================================================================
Received Prepare
Registering precompiled user dll's ...
Registered in 0.001300 seconds.
Begin MonoManager ReloadAssembly
Native extension for WindowsStandalone target not found
Native extension for WebGL target not found
Refreshing native plugins compatible for Editor in 0.75 ms, found 1 plugins.
Preloading 0 native plugins for Editor in 0.00 ms.
Mono: successfully reloaded assembly
- Completed reload, in  1.433 seconds
Platform modules already initialized, skipping
Refreshing native plugins compatible for Editor in 0.87 ms, found 1 plugins.
Preloading 0 native plugins for Editor in 0.00 ms.
Unloading 1819 Unused Serialized files (Serialized files now loaded: 0)
System memory in use before: 90.2 MB.
System memory in use after: 90.1 MB.

Unloading 12 unused Assets to reduce memory usage. Loaded Objects now: 2381.
Total: 3.047700 ms (FindLiveObjects: 0.278200 ms CreateObjectMapping: 0.076600 ms MarkObjects: 2.543100 ms  DeleteObjects: 0.148200 ms)

========================================================================
Received Prepare
Registering precompiled user dll's ...
Registered in 0.001282 seconds.
Begin MonoManager ReloadAssembly
Native extension for WindowsStandalone target not found
Native extension for WebGL target not found
Refreshing native plugins compatible for Editor in 0.52 ms, found 1 plugins.
Preloading 0 native plugins for Editor in 0.00 ms.
Mono: successfully reloaded assembly
- Completed reload, in  1.306 seconds
Platform modules already initialized, skipping
Refreshing native plugins compatible for Editor in 0.50 ms, found 1 plugins.
Preloading 0 native plugins for Editor in 0.00 ms.
Unloading 1819 Unused Serialized files (Serialized files now loaded: 0)
System memory in use before: 90.2 MB.
System memory in use after: 90.1 MB.

Unloading 12 unused Assets to reduce memory usage. Loaded Objects now: 2385.
Total: 2.821900 ms (FindLiveObjects: 0.334800 ms CreateObjectMapping: 0.092100 ms MarkObjects: 2.255500 ms  DeleteObjects: 0.137800 ms)

========================================================================
Received Import Request.
  Time since last request: 544.160985 seconds.
  path: Assets/TextMesh Pro/Resources/Fonts & Materials/LiberationSans SDF - Fallback.asset
  artifactKey: Guid(2e498d1c8094910479dc3e1b768306a4) Importer(815301076,1909f56bfc062723c751e8b465ee728b)
Start importing Assets/TextMesh Pro/Resources/Fonts & Materials/LiberationSans SDF - Fallback.asset using Guid(2e498d1c8094910479dc3e1b768306a4) Importer(815301076,1909f56bfc062723c751e8b465ee728b)  -> (artifact id: 'b4b9fe10961ba85f6f85a11fb81bf92c') in 0.204367 seconds
  Import took 0.209707 seconds .

========================================================================
Received Import Request.
  Time since last request: 0.000237 seconds.
  path: Assets/TextMesh Pro/Resources/Fonts & Materials/LiberationSans SDF.asset
  artifactKey: Guid(8f586378b4e144a9851e7b34d9b748ee) Importer(815301076,1909f56bfc062723c751e8b465ee728b)
Start importing Assets/TextMesh Pro/Resources/Fonts & Materials/LiberationSans SDF.asset using Guid(8f586378b4e144a9851e7b34d9b748ee) Importer(815301076,1909f56bfc062723c751e8b465ee728b)  -> (artifact id: 'ac3043fa59ae04da3a8b8446885e654a') in 0.072460 seconds
  Import took 0.077738 seconds .

========================================================================
Received Import Request.
  Time since last request: 0.005095 seconds.
  path: Assets/TextMesh Pro/Resources/Fonts & Materials/LiberationSans SDF.asset
  artifactKey: Guid(8f586378b4e144a9851e7b34d9b748ee) Importer(815301076,1909f56bfc062723c751e8b465ee728b)
Start importing Assets/TextMesh Pro/Resources/Fonts & Materials/LiberationSans SDF.asset using Guid(8f586378b4e144a9851e7b34d9b748ee) Importer(815301076,1909f56bfc062723c751e8b465ee728b)  -> (artifact id: 'ac3043fa59ae04da3a8b8446885e654a') in 0.061649 seconds
  Import took 0.066781 seconds .

========================================================================
Received Prepare
Registering precompiled user dll's ...
Registered in 0.001222 seconds.
Begin MonoManager ReloadAssembly
Native extension for WindowsStandalone target not found
Native extension for WebGL target not found
Refreshing native plugins compatible for Editor in 0.52 ms, found 1 plugins.
Preloading 0 native plugins for Editor in 0.00 ms.
Mono: successfully reloaded assembly
- Completed reload, in  1.365 seconds
Platform modules already initialized, skipping
Refreshing native plugins compatible for Editor in 0.51 ms, found 1 plugins.
Preloading 0 native plugins for Editor in 0.00 ms.
Unloading 1820 Unused Serialized files (Serialized files now loaded: 0)
System memory in use before: 90.5 MB.
System memory in use after: 90.4 MB.

Unloading 12 unused Assets to reduce memory usage. Loaded Objects now: 2426.
Total: 2.897800 ms (FindLiveObjects: 0.302900 ms CreateObjectMapping: 0.072900 ms MarkObjects: 2.386200 ms  DeleteObjects: 0.133900 ms)

========================================================================
Received Prepare
Registering precompiled user dll's ...
Registered in 0.001278 seconds.
Begin MonoManager ReloadAssembly
Native extension for WindowsStandalone target not found
Native extension for WebGL target not found
Refreshing native plugins compatible for Editor in 0.52 ms, found 1 plugins.
Preloading 0 native plugins for Editor in 0.00 ms.
Mono: successfully reloaded assembly
- Completed reload, in  1.322 seconds
Platform modules already initialized, skipping
Refreshing native plugins compatible for Editor in 0.65 ms, found 1 plugins.
Preloading 0 native plugins for Editor in 0.00 ms.
Unloading 1820 Unused Serialized files (Serialized files now loaded: 0)
System memory in use before: 90.5 MB.
System memory in use after: 90.4 MB.

Unloading 12 unused Assets to reduce memory usage. Loaded Objects now: 2430.
Total: 3.107400 ms (FindLiveObjects: 0.338300 ms CreateObjectMapping: 0.086900 ms MarkObjects: 2.508400 ms  DeleteObjects: 0.172200 ms)

========================================================================
Received Prepare
Registering precompiled user dll's ...
Registered in 0.001244 seconds.
Begin MonoManager ReloadAssembly
Native extension for WindowsStandalone target not found
Native extension for WebGL target not found
Refreshing native plugins compatible for Editor in 0.51 ms, found 1 plugins.
Preloading 0 native plugins for Editor in 0.00 ms.
Mono: successfully reloaded assembly
- Completed reload, in  1.346 seconds
Platform modules already initialized, skipping
Refreshing native plugins compatible for Editor in 0.51 ms, found 1 plugins.
Preloading 0 native plugins for Editor in 0.00 ms.
Unloading 1820 Unused Serialized files (Serialized files now loaded: 0)
System memory in use before: 90.5 MB.
System memory in use after: 90.4 MB.

Unloading 12 unused Assets to reduce memory usage. Loaded Objects now: 2434.
Total: 2.759700 ms (FindLiveObjects: 0.293900 ms CreateObjectMapping: 0.076200 ms MarkObjects: 2.253500 ms  DeleteObjects: 0.134900 ms)

========================================================================
Received Import Request.
  Time since last request: 625.848322 seconds.
  path: Assets/Scripts/MainMenu/GameOverMenu.cs
  artifactKey: Guid(451cb3f60999a76409cf665a742dbb93) Importer(815301076,1909f56bfc062723c751e8b465ee728b)
Start importing Assets/Scripts/MainMenu/GameOverMenu.cs using Guid(451cb3f60999a76409cf665a742dbb93) Importer(815301076,1909f56bfc062723c751e8b465ee728b)  -> (artifact id: '0b7d1fbd7cc14dbea2f39f8d83a47b63') in 0.018003 seconds
  Import took 0.023317 seconds .

========================================================================
Received Import Request.
  Time since last request: 0.000324 seconds.
  path: Assets/Scripts/MainMenu/GameOverMenu.cs
  artifactKey: Guid(451cb3f60999a76409cf665a742dbb93) Importer(815301076,1909f56bfc062723c751e8b465ee728b)
Start importing Assets/Scripts/MainMenu/GameOverMenu.cs using Guid(451cb3f60999a76409cf665a742dbb93) Importer(815301076,1909f56bfc062723c751e8b465ee728b)  -> (artifact id: '0b7d1fbd7cc14dbea2f39f8d83a47b63') in 0.003692 seconds
  Import took 0.008884 seconds .

========================================================================
Received Prepare
Registering precompiled user dll's ...
Registered in 0.001486 seconds.
Begin MonoManager ReloadAssembly
Native extension for WindowsStandalone target not found
Native extension for WebGL target not found
Refreshing native plugins compatible for Editor in 0.52 ms, found 1 plugins.
Preloading 0 native plugins for Editor in 0.00 ms.
Mono: successfully reloaded assembly
- Completed reload, in  1.340 seconds
Platform modules already initialized, skipping
Refreshing native plugins compatible for Editor in 0.50 ms, found 1 plugins.
Preloading 0 native plugins for Editor in 0.00 ms.
Unloading 1820 Unused Serialized files (Serialized files now loaded: 0)
System memory in use before: 90.5 MB.
System memory in use after: 90.5 MB.

Unloading 12 unused Assets to reduce memory usage. Loaded Objects now: 2438.
Total: 2.728800 ms (FindLiveObjects: 0.301800 ms CreateObjectMapping: 0.077000 ms MarkObjects: 2.209500 ms  DeleteObjects: 0.139200 ms)

========================================================================
Received Prepare
Registering precompiled user dll's ...
Registered in 0.001888 seconds.
Begin MonoManager ReloadAssembly
Native extension for WindowsStandalone target not found
Native extension for WebGL target not found
Refreshing native plugins compatible for Editor in 0.51 ms, found 1 plugins.
Preloading 0 native plugins for Editor in 0.00 ms.
Mono: successfully reloaded assembly
- Completed reload, in  1.281 seconds
Platform modules already initialized, skipping
Refreshing native plugins compatible for Editor in 0.53 ms, found 1 plugins.
Preloading 0 native plugins for Editor in 0.00 ms.
Unloading 1820 Unused Serialized files (Serialized files now loaded: 0)
System memory in use before: 90.5 MB.
System memory in use after: 90.5 MB.

Unloading 12 unused Assets to reduce memory usage. Loaded Objects now: 2442.
Total: 2.976400 ms (FindLiveObjects: 0.361500 ms CreateObjectMapping: 0.110400 ms MarkObjects: 2.367300 ms  DeleteObjects: 0.135900 ms)

========================================================================
Received Import Request.
  Time since last request: 883.822691 seconds.
  path: Assets/Prefabs/best.prefab
  artifactKey: Guid(29c4c328f4e10604b95940c26df44535) Importer(815301076,1909f56bfc062723c751e8b465ee728b)
Start importing Assets/Prefabs/best.prefab using Guid(29c4c328f4e10604b95940c26df44535) Importer(815301076,1909f56bfc062723c751e8b465ee728b)  -> (artifact id: '463abcc08395cc19c47f2c3fea23e567') in 0.134240 seconds
  Import took 0.139448 seconds .

========================================================================
Received Import Request.
  Time since last request: 1.459097 seconds.
  path: Assets/Prefabs/now.prefab
  artifactKey: Guid(710ac29d4f16f66428947558f4078c2b) Importer(815301076,1909f56bfc062723c751e8b465ee728b)
Start importing Assets/Prefabs/now.prefab using Guid(710ac29d4f16f66428947558f4078c2b) Importer(815301076,1909f56bfc062723c751e8b465ee728b)  -> (artifact id: 'dc917a7ad64be110fe22067bdcb802ea') in 0.048890 seconds
  Import took 0.053607 seconds .

========================================================================
Received Import Request.
  Time since last request: 0.003305 seconds.
  path: Assets/Prefabs/now.prefab
  artifactKey: Guid(710ac29d4f16f66428947558f4078c2b) Importer(815301076,1909f56bfc062723c751e8b465ee728b)
Start importing Assets/Prefabs/now.prefab using Guid(710ac29d4f16f66428947558f4078c2b) Importer(815301076,1909f56bfc062723c751e8b465ee728b)  -> (artifact id: 'dc917a7ad64be110fe22067bdcb802ea') in 0.047519 seconds
  Import took 0.052307 seconds .

========================================================================
Received Prepare
Registering precompiled user dll's ...
Registered in 0.001537 seconds.
Begin MonoManager ReloadAssembly
Native extension for WindowsStandalone target not found
Native extension for WebGL target not found
Refreshing native plugins compatible for Editor in 0.53 ms, found 1 plugins.
Preloading 0 native plugins for Editor in 0.00 ms.
Mono: successfully reloaded assembly
- Completed reload, in  1.345 seconds
Platform modules already initialized, skipping
Refreshing native plugins compatible for Editor in 0.51 ms, found 1 plugins.
Preloading 0 native plugins for Editor in 0.00 ms.
Unloading 1820 Unused Serialized files (Serialized files now loaded: 0)
System memory in use before: 90.5 MB.
System memory in use after: 90.5 MB.

Unloading 12 unused Assets to reduce memory usage. Loaded Objects now: 2446.
Total: 3.961200 ms (FindLiveObjects: 0.382200 ms CreateObjectMapping: 0.101000 ms MarkObjects: 3.272000 ms  DeleteObjects: 0.204500 ms)

========================================================================
Received Prepare
Registering precompiled user dll's ...
Registered in 0.001412 seconds.
Begin MonoManager ReloadAssembly
Native extension for WindowsStandalone target not found
Native extension for WebGL target not found
Refreshing native plugins compatible for Editor in 0.56 ms, found 1 plugins.
Preloading 0 native plugins for Editor in 0.00 ms.
Mono: successfully reloaded assembly
- Completed reload, in  1.244 seconds
Platform modules already initialized, skipping
Refreshing native plugins compatible for Editor in 0.51 ms, found 1 plugins.
Preloading 0 native plugins for Editor in 0.00 ms.
Unloading 1820 Unused Serialized files (Serialized files now loaded: 0)
System memory in use before: 90.5 MB.
System memory in use after: 90.5 MB.

Unloading 12 unused Assets to reduce memory usage. Loaded Objects now: 2450.
Total: 2.718800 ms (FindLiveObjects: 0.284000 ms CreateObjectMapping: 0.082600 ms MarkObjects: 2.216700 ms  DeleteObjects: 0.134200 ms)

========================================================================
Received Prepare
Registering precompiled user dll's ...
Registered in 0.001334 seconds.
Begin MonoManager ReloadAssembly
Native extension for WindowsStandalone target not found
Native extension for WebGL target not found
Refreshing native plugins compatible for Editor in 0.47 ms, found 1 plugins.
Preloading 0 native plugins for Editor in 0.00 ms.
Mono: successfully reloaded assembly
- Completed reload, in  1.355 seconds
Platform modules already initialized, skipping
Refreshing native plugins compatible for Editor in 0.81 ms, found 1 plugins.
Preloading 0 native plugins for Editor in 0.00 ms.
Unloading 1820 Unused Serialized files (Serialized files now loaded: 0)
System memory in use before: 90.5 MB.
System memory in use after: 90.5 MB.

Unloading 12 unused Assets to reduce memory usage. Loaded Objects now: 2454.
Total: 3.718700 ms (FindLiveObjects: 0.374200 ms CreateObjectMapping: 0.084700 ms MarkObjects: 3.074500 ms  DeleteObjects: 0.183700 ms)

========================================================================
Received Prepare
Registering precompiled user dll's ...
Registered in 0.001358 seconds.
Begin MonoManager ReloadAssembly
Native extension for WindowsStandalone target not found
Native extension for WebGL target not found
Refreshing native plugins compatible for Editor in 0.52 ms, found 1 plugins.
Preloading 0 native plugins for Editor in 0.00 ms.
Mono: successfully reloaded assembly
- Completed reload, in  1.353 seconds
Platform modules already initialized, skipping
Refreshing native plugins compatible for Editor in 0.51 ms, found 1 plugins.
Preloading 0 native plugins for Editor in 0.00 ms.
Unloading 1820 Unused Serialized files (Serialized files now loaded: 0)
System memory in use before: 90.5 MB.
System memory in use after: 90.5 MB.

Unloading 12 unused Assets to reduce memory usage. Loaded Objects now: 2458.
Total: 2.999200 ms (FindLiveObjects: 0.552100 ms CreateObjectMapping: 0.077500 ms MarkObjects: 2.230300 ms  DeleteObjects: 0.138000 ms)

========================================================================
Received Import Request.
  Time since last request: 588.064620 seconds.
  path: Assets/Prefabs/movespot.prefab
  artifactKey: Guid(1b66c5fec102f9f43b7578c7cfaabc91) Importer(815301076,1909f56bfc062723c751e8b465ee728b)
Start importing Assets/Prefabs/movespot.prefab using Guid(1b66c5fec102f9f43b7578c7cfaabc91) Importer(815301076,1909f56bfc062723c751e8b465ee728b)  -> (artifact id: 'ba26594e6ae84ae5a926d3f7b10bf243') in 0.036362 seconds
  Import took 0.041239 seconds .

========================================================================
Received Import Request.
  Time since last request: 0.000217 seconds.
  path: Assets/Prefabs/moveSpot2.prefab
  artifactKey: Guid(7a4f671c21e963a4684c10eeaf798222) Importer(815301076,1909f56bfc062723c751e8b465ee728b)
Start importing Assets/Prefabs/moveSpot2.prefab using Guid(7a4f671c21e963a4684c10eeaf798222) Importer(815301076,1909f56bfc062723c751e8b465ee728b)  -> (artifact id: '595226d012de7acfbde1e0081991365b') in 0.005095 seconds
  Import took 0.010414 seconds .

========================================================================
Received Import Request.
  Time since last request: 2.713591 seconds.
  path: Assets/Scenes/Level1.unity
  artifactKey: Guid(2cda990e2423bbf4892e6590ba056729) Importer(815301076,1909f56bfc062723c751e8b465ee728b)
Start importing Assets/Scenes/Level1.unity using Guid(2cda990e2423bbf4892e6590ba056729) Importer(815301076,1909f56bfc062723c751e8b465ee728b)  -> (artifact id: '5312a37328d7dfd27b9c6c72469d3886') in 0.010325 seconds
  Import took 0.019951 seconds .

========================================================================
Received Prepare
Registering precompiled user dll's ...
Registered in 0.001659 seconds.
Begin MonoManager ReloadAssembly
Native extension for WindowsStandalone target not found
Native extension for WebGL target not found
Refreshing native plugins compatible for Editor in 0.52 ms, found 1 plugins.
Preloading 0 native plugins for Editor in 0.00 ms.
Mono: successfully reloaded assembly
- Completed reload, in  1.456 seconds
Platform modules already initialized, skipping
Refreshing native plugins compatible for Editor in 0.52 ms, found 1 plugins.
Preloading 0 native plugins for Editor in 0.00 ms.
Unloading 1820 Unused Serialized files (Serialized files now loaded: 0)
System memory in use before: 90.5 MB.
System memory in use after: 90.5 MB.

Unloading 12 unused Assets to reduce memory usage. Loaded Objects now: 2462.
Total: 3.654000 ms (FindLiveObjects: 0.286600 ms CreateObjectMapping: 0.075100 ms MarkObjects: 3.104700 ms  DeleteObjects: 0.186200 ms)

========================================================================
Received Prepare
Registering precompiled user dll's ...
Registered in 0.001212 seconds.
Begin MonoManager ReloadAssembly
Native extension for WindowsStandalone target not found
Native extension for WebGL target not found
Refreshing native plugins compatible for Editor in 0.52 ms, found 1 plugins.
Preloading 0 native plugins for Editor in 0.00 ms.
Mono: successfully reloaded assembly
- Completed reload, in  1.277 seconds
Platform modules already initialized, skipping
Refreshing native plugins compatible for Editor in 0.59 ms, found 1 plugins.
Preloading 0 native plugins for Editor in 0.00 ms.
Unloading 1820 Unused Serialized files (Serialized files now loaded: 0)
System memory in use before: 90.6 MB.
System memory in use after: 90.5 MB.

Unloading 12 unused Assets to reduce memory usage. Loaded Objects now: 2466.
Total: 2.899900 ms (FindLiveObjects: 0.357300 ms CreateObjectMapping: 0.099500 ms MarkObjects: 2.301500 ms  DeleteObjects: 0.140400 ms)

========================================================================
Received Prepare
Registering precompiled user dll's ...
Registered in 0.001257 seconds.
Begin MonoManager ReloadAssembly
Native extension for WindowsStandalone target not found
Native extension for WebGL target not found
Refreshing native plugins compatible for Editor in 0.52 ms, found 1 plugins.
Preloading 0 native plugins for Editor in 0.00 ms.
Mono: successfully reloaded assembly
- Completed reload, in  1.319 seconds
Platform modules already initialized, skipping
Refreshing native plugins compatible for Editor in 0.54 ms, found 1 plugins.
Preloading 0 native plugins for Editor in 0.00 ms.
Unloading 1820 Unused Serialized files (Serialized files now loaded: 0)
System memory in use before: 90.6 MB.
System memory in use after: 90.5 MB.

Unloading 12 unused Assets to reduce memory usage. Loaded Objects now: 2470.
Total: 3.574500 ms (FindLiveObjects: 0.823800 ms CreateObjectMapping: 0.099600 ms MarkObjects: 2.504600 ms  DeleteObjects: 0.144600 ms)

========================================================================
Received Prepare
Registering precompiled user dll's ...
Registered in 0.001864 seconds.
Begin MonoManager ReloadAssembly
Native extension for WindowsStandalone target not found
Native extension for WebGL target not found
Refreshing native plugins compatible for Editor in 0.68 ms, found 1 plugins.
Preloading 0 native plugins for Editor in 0.00 ms.
Mono: successfully reloaded assembly
- Completed reload, in  1.469 seconds
Platform modules already initialized, skipping
Refreshing native plugins compatible for Editor in 0.51 ms, found 1 plugins.
Preloading 0 native plugins for Editor in 0.00 ms.
Unloading 1820 Unused Serialized files (Serialized files now loaded: 0)
System memory in use before: 90.6 MB.
System memory in use after: 90.5 MB.

Unloading 12 unused Assets to reduce memory usage. Loaded Objects now: 2474.
Total: 3.877600 ms (FindLiveObjects: 0.406300 ms CreateObjectMapping: 0.104200 ms MarkObjects: 3.174300 ms  DeleteObjects: 0.191000 ms)

========================================================================
Received Prepare
Registering precompiled user dll's ...
Registered in 0.001697 seconds.
Begin MonoManager ReloadAssembly
Native extension for WindowsStandalone target not found
Native extension for WebGL target not found
Refreshing native plugins compatible for Editor in 0.54 ms, found 1 plugins.
Preloading 0 native plugins for Editor in 0.00 ms.
Mono: successfully reloaded assembly
- Completed reload, in  1.278 seconds
Platform modules already initialized, skipping
Refreshing native plugins compatible for Editor in 0.51 ms, found 1 plugins.
Preloading 0 native plugins for Editor in 0.00 ms.
Unloading 1820 Unused Serialized files (Serialized files now loaded: 0)
System memory in use before: 90.6 MB.
System memory in use after: 90.6 MB.

Unloading 12 unused Assets to reduce memory usage. Loaded Objects now: 2478.
Total: 2.916600 ms (FindLiveObjects: 0.436100 ms CreateObjectMapping: 0.098300 ms MarkObjects: 2.246500 ms  DeleteObjects: 0.134100 ms)

========================================================================
Received Import Request.
  Time since last request: 800.010365 seconds.
  path: Assets/Scenes/Level2.unity
  artifactKey: Guid(fa5ce0d87f2f1564f82891f1d7363640) Importer(815301076,1909f56bfc062723c751e8b465ee728b)
Start importing Assets/Scenes/Level2.unity using Guid(fa5ce0d87f2f1564f82891f1d7363640) Importer(815301076,1909f56bfc062723c751e8b465ee728b)  -> (artifact id: '6e701489d0be8bac90ac2f4584dbc74b') in 0.021817 seconds
  Import took 0.026155 seconds .

========================================================================
Received Prepare
Registering precompiled user dll's ...
Registered in 0.001978 seconds.
Begin MonoManager ReloadAssembly
Native extension for WindowsStandalone target not found
Native extension for WebGL target not found
Refreshing native plugins compatible for Editor in 0.53 ms, found 1 plugins.
Preloading 0 native plugins for Editor in 0.00 ms.
Mono: successfully reloaded assembly
- Completed reload, in  1.262 seconds
Platform modules already initialized, skipping
Refreshing native plugins compatible for Editor in 0.53 ms, found 1 plugins.
Preloading 0 native plugins for Editor in 0.00 ms.
Unloading 1820 Unused Serialized files (Serialized files now loaded: 0)
System memory in use before: 90.6 MB.
System memory in use after: 90.6 MB.

Unloading 12 unused Assets to reduce memory usage. Loaded Objects now: 2482.
Total: 2.885800 ms (FindLiveObjects: 0.303000 ms CreateObjectMapping: 0.074900 ms MarkObjects: 2.366700 ms  DeleteObjects: 0.139900 ms)

========================================================================
Received Import Request.
  Time since last request: 153.626984 seconds.
  path: Assets/Scenes/Menu.unity
  artifactKey: Guid(c0664d05a6d9de84999f7894a6e43319) Importer(815301076,1909f56bfc062723c751e8b465ee728b)
Start importing Assets/Scenes/Menu.unity using Guid(c0664d05a6d9de84999f7894a6e43319) Importer(815301076,1909f56bfc062723c751e8b465ee728b)  -> (artifact id: '09b63bc512498eb3509f3456c2076460') in 0.019972 seconds
  Import took 0.025161 seconds .

========================================================================
Received Prepare
Registering precompiled user dll's ...
Registered in 0.001292 seconds.
Begin MonoManager ReloadAssembly
Native extension for WindowsStandalone target not found
Native extension for WebGL target not found
Refreshing native plugins compatible for Editor in 0.52 ms, found 1 plugins.
Preloading 0 native plugins for Editor in 0.00 ms.
Mono: successfully reloaded assembly
- Completed reload, in  1.315 seconds
Platform modules already initialized, skipping
Refreshing native plugins compatible for Editor in 0.51 ms, found 1 plugins.
Preloading 0 native plugins for Editor in 0.00 ms.
Unloading 1820 Unused Serialized files (Serialized files now loaded: 0)
System memory in use before: 90.6 MB.
System memory in use after: 90.6 MB.

Unloading 12 unused Assets to reduce memory usage. Loaded Objects now: 2486.
Total: 2.982700 ms (FindLiveObjects: 0.285300 ms CreateObjectMapping: 0.076600 ms MarkObjects: 2.477000 ms  DeleteObjects: 0.142200 ms)

========================================================================
Received Import Request.
  Time since last request: 490.990472 seconds.
  path: Assets/Resources/lost.wav
  artifactKey: Guid(12a3b4e6b69b40341add43e901590950) Importer(815301076,1909f56bfc062723c751e8b465ee728b)
Start importing Assets/Resources/lost.wav using Guid(12a3b4e6b69b40341add43e901590950) Importer(815301076,1909f56bfc062723c751e8b465ee728b)  -> (artifact id: 'a049dff9762c9a4f77751958d09ce9c1') in 0.107069 seconds
  Import took 0.114013 seconds .

========================================================================
Received Import Request.
  Time since last request: 0.000216 seconds.
  path: Assets/Resources/won.wav
  artifactKey: Guid(2882d4270381fa8408a33198392f2e65) Importer(815301076,1909f56bfc062723c751e8b465ee728b)
Start importing Assets/Resources/won.wav using Guid(2882d4270381fa8408a33198392f2e65) Importer(815301076,1909f56bfc062723c751e8b465ee728b)  -> (artifact id: 'cd29bb3dd2042cb8b8534f47690f2b11') in 0.021670 seconds
  Import took 0.031110 seconds .

========================================================================
Received Import Request.
  Time since last request: 63.454532 seconds.
  path: Assets/Scenes/Level1.unity
  artifactKey: Guid(2cda990e2423bbf4892e6590ba056729) Importer(815301076,1909f56bfc062723c751e8b465ee728b)
Start importing Assets/Scenes/Level1.unity using Guid(2cda990e2423bbf4892e6590ba056729) Importer(815301076,1909f56bfc062723c751e8b465ee728b)  -> (artifact id: 'd378f8410061ddfbd0ca256d2de27678') in 0.003365 seconds
  Import took 0.007945 seconds .

========================================================================
Received Prepare
Registering precompiled user dll's ...
Registered in 0.002140 seconds.
Begin MonoManager ReloadAssembly
Native extension for WindowsStandalone target not found
Native extension for WebGL target not found
Refreshing native plugins compatible for Editor in 0.52 ms, found 1 plugins.
Preloading 0 native plugins for Editor in 0.00 ms.
Mono: successfully reloaded assembly
- Completed reload, in  1.328 seconds
Platform modules already initialized, skipping
Refreshing native plugins compatible for Editor in 0.51 ms, found 1 plugins.
Preloading 0 native plugins for Editor in 0.00 ms.
Unloading 1820 Unused Serialized files (Serialized files now loaded: 0)
System memory in use before: 90.7 MB.
System memory in use after: 90.6 MB.

Unloading 12 unused Assets to reduce memory usage. Loaded Objects now: 2493.
Total: 2.736700 ms (FindLiveObjects: 0.263200 ms CreateObjectMapping: 0.073900 ms MarkObjects: 2.264500 ms  DeleteObjects: 0.134000 ms)

========================================================================
Received Import Request.
  Time since last request: 128.995497 seconds.
  path: Assets/Scenes/Level2.unity
  artifactKey: Guid(fa5ce0d87f2f1564f82891f1d7363640) Importer(815301076,1909f56bfc062723c751e8b465ee728b)
Start importing Assets/Scenes/Level2.unity using Guid(fa5ce0d87f2f1564f82891f1d7363640) Importer(815301076,1909f56bfc062723c751e8b465ee728b)  -> (artifact id: '216bd070915706b575f0075f193f6711') in 0.014869 seconds
  Import took 0.019360 seconds .

========================================================================
Received Prepare
Registering precompiled user dll's ...
Registered in 0.001357 seconds.
Begin MonoManager ReloadAssembly
Native extension for WindowsStandalone target not found
Native extension for WebGL target not found
Refreshing native plugins compatible for Editor in 0.52 ms, found 1 plugins.
Preloading 0 native plugins for Editor in 0.00 ms.
Mono: successfully reloaded assembly
- Completed reload, in  1.313 seconds
Platform modules already initialized, skipping
Refreshing native plugins compatible for Editor in 0.51 ms, found 1 plugins.
Preloading 0 native plugins for Editor in 0.00 ms.
Unloading 1820 Unused Serialized files (Serialized files now loaded: 0)
System memory in use before: 90.7 MB.
System memory in use after: 90.7 MB.

Unloading 12 unused Assets to reduce memory usage. Loaded Objects now: 2497.
Total: 3.465200 ms (FindLiveObjects: 0.307600 ms CreateObjectMapping: 0.074600 ms MarkObjects: 2.896900 ms  DeleteObjects: 0.184300 ms)

========================================================================
Received Prepare
Registering precompiled user dll's ...
Registered in 0.001218 seconds.
Begin MonoManager ReloadAssembly
Native extension for WindowsStandalone target not found
Native extension for WebGL target not found
Refreshing native plugins compatible for Editor in 0.51 ms, found 1 plugins.
Preloading 0 native plugins for Editor in 0.00 ms.
Mono: successfully reloaded assembly
- Completed reload, in  1.290 seconds
Platform modules already initialized, skipping
Refreshing native plugins compatible for Editor in 0.80 ms, found 1 plugins.
Preloading 0 native plugins for Editor in 0.00 ms.
Unloading 1820 Unused Serialized files (Serialized files now loaded: 0)
System memory in use before: 90.7 MB.
System memory in use after: 90.7 MB.

Unloading 12 unused Assets to reduce memory usage. Loaded Objects now: 2501.
Total: 3.116400 ms (FindLiveObjects: 0.349300 ms CreateObjectMapping: 0.098700 ms MarkObjects: 2.527700 ms  DeleteObjects: 0.139400 ms)

========================================================================
Received Prepare
Registering precompiled user dll's ...
Registered in 0.001330 seconds.
Begin MonoManager ReloadAssembly
Native extension for WindowsStandalone target not found
Native extension for WebGL target not found
Refreshing native plugins compatible for Editor in 0.68 ms, found 1 plugins.
Preloading 0 native plugins for Editor in 0.00 ms.
Mono: successfully reloaded assembly
- Completed reload, in  1.438 seconds
Platform modules already initialized, skipping
Refreshing native plugins compatible for Editor in 0.51 ms, found 1 plugins.
Preloading 0 native plugins for Editor in 0.00 ms.
Unloading 1820 Unused Serialized files (Serialized files now loaded: 0)
System memory in use before: 90.7 MB.
System memory in use after: 90.7 MB.

Unloading 12 unused Assets to reduce memory usage. Loaded Objects now: 2505.
Total: 2.971200 ms (FindLiveObjects: 0.414800 ms CreateObjectMapping: 0.095400 ms MarkObjects: 2.319100 ms  DeleteObjects: 0.140500 ms)

========================================================================
Received Prepare
Registering precompiled user dll's ...
Registered in 0.001398 seconds.
Begin MonoManager ReloadAssembly
Native extension for WindowsStandalone target not found
Native extension for WebGL target not found
Refreshing native plugins compatible for Editor in 0.85 ms, found 1 plugins.
Preloading 0 native plugins for Editor in 0.00 ms.
Mono: successfully reloaded assembly
- Completed reload, in  1.420 seconds
Platform modules already initialized, skipping
Refreshing native plugins compatible for Editor in 0.53 ms, found 1 plugins.
Preloading 0 native plugins for Editor in 0.00 ms.
Unloading 1820 Unused Serialized files (Serialized files now loaded: 0)
System memory in use before: 90.7 MB.
System memory in use after: 90.7 MB.

Unloading 12 unused Assets to reduce memory usage. Loaded Objects now: 2509.
Total: 3.871000 ms (FindLiveObjects: 0.318500 ms CreateObjectMapping: 0.087700 ms MarkObjects: 3.251000 ms  DeleteObjects: 0.212100 ms)

AssetImportWorkerClient::OnTransportError - code=2 error=End of file
